
> frontend@0.1.0 dev
> next dev

▲ Next.js 16.2.6 (Turbopack)
- Local:         http://localhost:3000
- Network:       http://192.168.2.4:3000
- Environments: .env.local
✓ Ready in 2.2s

 GET / 200 in 1404ms (next.js: 642ms, application-code: 762ms)
 GET /login 200 in 242ms (next.js: 108ms, application-code: 134ms)
 GET /dashboard 200 in 168ms (next.js: 49ms, application-code: 119ms)
 GET /dashboard 200 in 120ms (next.js: 5ms, application-code: 115ms)
 GET /tasks/today 200 in 139ms (next.js: 50ms, application-code: 89ms)
 GET /feed 200 in 95ms (next.js: 47ms, application-code: 48ms)
 GET /tasks/today 200 in 137ms (next.js: 13ms, application-code: 123ms)
 GET /tasks/plans 200 in 143ms (next.js: 39ms, application-code: 104ms)
 GET /friends 200 in 183ms (next.js: 52ms, application-code: 132ms)
 GET /profile/edit 200 in 149ms (next.js: 40ms, application-code: 108ms)
 GET /friends 200 in 55ms (next.js: 6ms, application-code: 49ms)
 GET /tasks/plans 200 in 104ms (next.js: 10ms, application-code: 94ms)
 GET /tasks/today 200 in 62ms (next.js: 5ms, application-code: 57ms)
 GET /feed 200 in 44ms (next.js: 6ms, application-code: 39ms)
 GET /dashboard 200 in 47ms (next.js: 5ms, application-code: 43ms)
 GET /tasks/today 200 in 46ms (next.js: 5ms, application-code: 41ms)
 GET /dashboard 200 in 110ms (next.js: 4ms, application-code: 106ms)
 GET /rooms 200 in 154ms (next.js: 52ms, application-code: 101ms)
 GET /rooms/cmpf2udf50001uosu1lkulwp4 200 in 3.9s (next.js: 3.7s, application-code: 151ms)
 GET /rooms/cmpf2udf50001uosu1lkulwp4 200 in 126ms (next.js: 45ms, application-code: 80ms)
 GET /rooms 200 in 56ms (next.js: 7ms, application-code: 49ms)
 GET /rooms/cmpf2udf50001uosu1lkulwp4 200 in 90ms (next.js: 15ms, application-code: 75ms)
 GET /feed 200 in 49ms (next.js: 5ms, application-code: 44ms)
 GET /dashboard 200 in 37ms (next.js: 4ms, application-code: 33ms)
✓ Compiled in 225ms
 GET /dashboard 200 in 362ms (next.js: 208ms, application-code: 154ms)
 GET /dashboard 200 in 64ms (next.js: 6ms, application-code: 59ms)
✓ Compiled in 233ms
 GET /dashboard 200 in 374ms (next.js: 191ms, application-code: 182ms)
✓ Compiled in 945ms
 GET /dashboard 500 in 3.7s (next.js: 3.2s, application-code: 449ms)
 GET /dashboard 500 in 40ms (next.js: 16ms, application-code: 24ms)
 GET /dashboard 500 in 38ms (next.js: 16ms, application-code: 22ms)
[browser] Uncaught Error: ./src/app/(app)/rooms/[id]/page.tsx:6:1
Export useMessages doesn't exist in target module
  4 | import { useRoom, useAddRoomTask, useSetRoomTaskStatus, useInviteToRoom, useRoomEmojis, use...
  5 | import { useSearchUsers } from "@/hooks/useFriends";
> 6 | import { useMessages, useSendRoomMessage } from "@/hooks/useMessages";
    | ^^^^^^^^^^^^^^^^^^^^^^^^^^^^^^^^^^^^^^^^^^^^^^^^^^^^^^^^^^^^^^^^^^^^^^
  7 | import { useToast } from "@/components/ui/toast";
  8 | import { useAuthStore } from "@/stores/authStore";
  9 | import { Avatar } from "@/components/ui/avatar";

The export useMessages was not found in module [project]/src/hooks/useMessages.ts [app-client] (ecmascript).
Did you mean to import useDMs?
All exports of the module are statically known (It doesn't have dynamic exports). So it's known statically that the requested export doesn't exist.

Import traces:
  Client Component Browser:
    ./src/app/(app)/rooms/[id]/page.tsx [Client Component Browser]
    ./src/app/(app)/rooms/[id]/page.tsx [Server Component]

  Client Component SSR:
    ./src/app/(app)/rooms/[id]/page.tsx [Client Component SSR]
    ./src/app/(app)/rooms/[id]/page.tsx [Server Component]


    at <unknown> (Error: ./src/app/(app)/rooms/[id]/page.tsx:6:1)
    at <unknown> (Error: (./src/app/(app)/rooms/[id]/page.tsx:6:1)
✓ Compiled in 119ms
 GET /dashboard 200 in 855ms (next.js: 243ms, application-code: 612ms)
 GET /login 200 in 140ms (next.js: 26ms, application-code: 114ms)
 GET /login 200 in 207ms (next.js: 6ms, application-code: 201ms)
 GET /dashboard 200 in 49ms (next.js: 5ms, application-code: 44ms)
 GET /dashboard 200 in 40ms (next.js: 5ms, application-code: 35ms)
 GET /feed 200 in 59ms (next.js: 22ms, application-code: 37ms)
 GET /tasks/today 200 in 71ms (next.js: 22ms, application-code: 49ms)
 GET /tasks/plans 200 in 64ms (next.js: 22ms, application-code: 41ms)
 GET /friends 200 in 114ms (next.js: 57ms, application-code: 58ms)
 GET /profile/edit 200 in 65ms (next.js: 21ms, application-code: 44ms)
 GET /rooms 200 in 216ms (next.js: 146ms, application-code: 71ms)
 GET /rooms/cmpf2udf50001uosu1lkulwp4 200 in 421ms (next.js: 201ms, application-code: 219ms)
 GET /dashboard 200 in 52ms (next.js: 5ms, application-code: 47ms)
 GET /feed 200 in 44ms (next.js: 4ms, application-code: 40ms)
 GET /dashboard 200 in 43ms (next.js: 5ms, application-code: 38ms)
 GET /tasks/today 200 in 53ms (next.js: 5ms, application-code: 48ms)
✓ Compiled in 110ms
 GET /tasks/today 200 in 366ms (next.js: 239ms, application-code: 126ms)
 GET /tasks/today 200 in 161ms (next.js: 15ms, application-code: 146ms)
 GET /tasks/today 200 in 83ms (next.js: 7ms, application-code: 76ms)
✓ Compiled in 122ms
 GET /tasks/today 200 in 512ms (next.js: 169ms, application-code: 343ms)
 GET /tasks/today 200 in 210ms (next.js: 5ms, application-code: 205ms)
 GET /tasks/today 200 in 139ms (next.js: 9ms, application-code: 130ms)
 GET /tasks/today 200 in 140ms (next.js: 65ms, application-code: 75ms)
✓ Compiled in 109ms
⨯ ./src/app/(app)/tasks/today/page.tsx:74:124
Unexpected token. Did you mean `{'>'}` or `&gt;`?
  [90m72 |[0m ...
  [90m73 |[0m ...
[31m[1m>[0m [90m74 |[0m ...,[32m"Алгасав"[0m]] [36mas[0m [36mconst[0m}.map(([c,l]) => (
  [90m   |[0m                                        [31m[1m^[0m
  [90m75 |[0m ...[32m--text-muted)"[0m }}>
  [90m76 |[0m ... />
  [90m77 |[0m ...

Parsing ecmascript source code failed

Import traces:
  Client Component Browser:
    ./src/app/(app)/tasks/today/page.tsx [Client Component Browser]
    ./src/app/(app)/tasks/today/page.tsx [Server Component]

  Client Component SSR:
    ./src/app/(app)/tasks/today/page.tsx [Client Component SSR]
    ./src/app/(app)/tasks/today/page.tsx [Server Component]



./src/app/(app)/tasks/today/page.tsx:79:11
Unexpected token. Did you mean `{'}'}` or `&rbrace;`?
  [90m77 |[0m             {l}
  [90m78 |[0m           </div>
[31m[1m>[0m [90m79 |[0m         ))}
  [90m   |[0m           [31m[1m^[0m
  [90m80 |[0m       </div>
  [90m81 |[0m     </div>
  [90m82 |[0m   );

Parsing ecmascript source code failed

Import traces:
  Client Component Browser:
    ./src/app/(app)/tasks/today/page.tsx [Client Component Browser]
    ./src/app/(app)/tasks/today/page.tsx [Server Component]

  Client Component SSR:
    ./src/app/(app)/tasks/today/page.tsx [Client Component SSR]
    ./src/app/(app)/tasks/today/page.tsx [Server Component]


 GET /tasks/today 500 in 116ms (next.js: 61ms, application-code: 56ms)
⨯ ./src/app/(app)/tasks/today/page.tsx:74:124
Unexpected token. Did you mean `{'>'}` or `&gt;`?
  [90m72 |[0m ...
  [90m73 |[0m ...
[31m[1m>[0m [90m74 |[0m ...,[32m"Алгасав"[0m]] [36mas[0m [36mconst[0m}.map(([c,l]) => (
  [90m   |[0m                                        [31m[1m^[0m
  [90m75 |[0m ...[32m--text-muted)"[0m }}>
  [90m76 |[0m ... />
  [90m77 |[0m ...

Parsing ecmascript source code failed

Import traces:
  Client Component Browser:
    ./src/app/(app)/tasks/today/page.tsx [Client Component Browser]
    ./src/app/(app)/tasks/today/page.tsx [Server Component]

  Client Component SSR:
    ./src/app/(app)/tasks/today/page.tsx [Client Component SSR]
    ./src/app/(app)/tasks/today/page.tsx [Server Component]



./src/app/(app)/tasks/today/page.tsx:79:11
Unexpected token. Did you mean `{'}'}` or `&rbrace;`?
  [90m77 |[0m             {l}
  [90m78 |[0m           </div>
[31m[1m>[0m [90m79 |[0m         ))}
  [90m   |[0m           [31m[1m^[0m
  [90m80 |[0m       </div>
  [90m81 |[0m     </div>
  [90m82 |[0m   );

Parsing ecmascript source code failed

Import traces:
  Client Component Browser:
    ./src/app/(app)/tasks/today/page.tsx [Client Component Browser]
    ./src/app/(app)/tasks/today/page.tsx [Server Component]

  Client Component SSR:
    ./src/app/(app)/tasks/today/page.tsx [Client Component SSR]
    ./src/app/(app)/tasks/today/page.tsx [Server Component]


 GET /tasks/today 500 in 36ms (next.js: 15ms, application-code: 21ms)
⨯ ./src/app/(app)/tasks/today/page.tsx:74:124
Unexpected token. Did you mean `{'>'}` or `&gt;`?
  [90m72 |[0m ...
  [90m73 |[0m ...
[31m[1m>[0m [90m74 |[0m ...,[32m"Алгасав"[0m]] [36mas[0m [36mconst[0m}.map(([c,l]) => (
  [90m   |[0m                                        [31m[1m^[0m
  [90m75 |[0m ...[32m--text-muted)"[0m }}>
  [90m76 |[0m ... />
  [90m77 |[0m ...

Parsing ecmascript source code failed

Import traces:
  Client Component Browser:
    ./src/app/(app)/tasks/today/page.tsx [Client Component Browser]
    ./src/app/(app)/tasks/today/page.tsx [Server Component]

  Client Component SSR:
    ./src/app/(app)/tasks/today/page.tsx [Client Component SSR]
    ./src/app/(app)/tasks/today/page.tsx [Server Component]



./src/app/(app)/tasks/today/page.tsx:79:11
Unexpected token. Did you mean `{'}'}` or `&rbrace;`?
  [90m77 |[0m             {l}
  [90m78 |[0m           </div>
[31m[1m>[0m [90m79 |[0m         ))}
  [90m   |[0m           [31m[1m^[0m
  [90m80 |[0m       </div>
  [90m81 |[0m     </div>
  [90m82 |[0m   );

Parsing ecmascript source code failed

Import traces:
  Client Component Browser:
    ./src/app/(app)/tasks/today/page.tsx [Client Component Browser]
    ./src/app/(app)/tasks/today/page.tsx [Server Component]

  Client Component SSR:
    ./src/app/(app)/tasks/today/page.tsx [Client Component SSR]
    ./src/app/(app)/tasks/today/page.tsx [Server Component]


 GET /tasks/today 500 in 31ms (next.js: 15ms, application-code: 16ms)
[browser] Uncaught Error: ./src/app/(app)/tasks/today/page.tsx:74:124
Unexpected token. Did you mean `{'>'}` or `&gt;`?
  72 | ...
  73 | ...
> 74 | ...,"Алгасав"]] as const}.map(([c,l]) => (
     |                                        ^
  75 | ...--text-muted)" }}>
  76 | ... />
  77 | ...

Parsing ecmascript source code failed

Import traces:
  Client Component Browser:
    ./src/app/(app)/tasks/today/page.tsx [Client Component Browser]
    ./src/app/(app)/tasks/today/page.tsx [Server Component]

  Client Component SSR:
    ./src/app/(app)/tasks/today/page.tsx [Client Component SSR]
    ./src/app/(app)/tasks/today/page.tsx [Server Component]


    at <unknown> (Error: ./src/app/(app)/tasks/today/page.tsx:74:124)
    at <unknown> (Error: (./src/app/(app)/tasks/today/page.tsx:74:124)
⨯ ./src/app/(app)/tasks/today/page.tsx:74:124
Unexpected token. Did you mean `{'>'}` or `&gt;`?
  [90m72 |[0m ...
  [90m73 |[0m ...
[31m[1m>[0m [90m74 |[0m ...,[32m"Алгасав"[0m]] [36mas[0m [36mconst[0m}.map(([c,l]) => (
  [90m   |[0m                                        [31m[1m^[0m
  [90m75 |[0m ...[32m--text-muted)"[0m }}>
  [90m76 |[0m ... />
  [90m77 |[0m ...

Parsing ecmascript source code failed

Import traces:
  Client Component Browser:
    ./src/app/(app)/tasks/today/page.tsx [Client Component Browser]
    ./src/app/(app)/tasks/today/page.tsx [Server Component]

  Client Component SSR:
    ./src/app/(app)/tasks/today/page.tsx [Client Component SSR]
    ./src/app/(app)/tasks/today/page.tsx [Server Component]



./src/app/(app)/tasks/today/page.tsx:79:11
Unexpected token. Did you mean `{'}'}` or `&rbrace;`?
  [90m77 |[0m             {l}
  [90m78 |[0m           </div>
[31m[1m>[0m [90m79 |[0m         ))}
  [90m   |[0m           [31m[1m^[0m
  [90m80 |[0m       </div>
  [90m81 |[0m     </div>
  [90m82 |[0m   );

Parsing ecmascript source code failed

Import traces:
  Client Component Browser:
    ./src/app/(app)/tasks/today/page.tsx [Client Component Browser]
    ./src/app/(app)/tasks/today/page.tsx [Server Component]

  Client Component SSR:
    ./src/app/(app)/tasks/today/page.tsx [Client Component SSR]
    ./src/app/(app)/tasks/today/page.tsx [Server Component]


 GET /tasks/today 500 in 43ms (next.js: 19ms, application-code: 24ms)
[browser] Uncaught Error: ./src/app/(app)/tasks/today/page.tsx:74:124
Unexpected token. Did you mean `{'>'}` or `&gt;`?
  72 | ...
  73 | ...
> 74 | ...,"Алгасав"]] as const}.map(([c,l]) => (
     |                                        ^
  75 | ...--text-muted)" }}>
  76 | ... />
  77 | ...

Parsing ecmascript source code failed

Import traces:
  Client Component Browser:
    ./src/app/(app)/tasks/today/page.tsx [Client Component Browser]
    ./src/app/(app)/tasks/today/page.tsx [Server Component]

  Client Component SSR:
    ./src/app/(app)/tasks/today/page.tsx [Client Component SSR]
    ./src/app/(app)/tasks/today/page.tsx [Server Component]


    at <unknown> (Error: ./src/app/(app)/tasks/today/page.tsx:74:124)
    at <unknown> (Error: (./src/app/(app)/tasks/today/page.tsx:74:124)
[browser] ./src/app/(app)/tasks/today/page.tsx:74:124
Unexpected token. Did you mean `{'>'}` or `&gt;`?
  72 | ...
  73 | ...
> 74 | ...,"Алгасав"]] as const}.map(([c,l]) => (
     |                                        ^
  75 | ...--text-muted)" }}>
  76 | ... />
  77 | ...

Parsing ecmascript source code failed

Import traces:
  Client Component Browser:
    ./src/app/(app)/tasks/today/page.tsx [Client Component Browser]
    ./src/app/(app)/tasks/today/page.tsx [Server Component]

  Client Component SSR:
    ./src/app/(app)/tasks/today/page.tsx [Client Component SSR]
    ./src/app/(app)/tasks/today/page.tsx [Server Component] 
    at handleErrors (file://A:/Projects/Different Project/TaskProject/frontend/.next/dev/static/chunks/node_modules_next_dist_client_0pe1dg-._.js:2774:21)
    at processMessage (file://A:/Projects/Different Project/TaskProject/frontend/.next/dev/static/chunks/node_modules_next_dist_client_0pe1dg-._.js:2835:28)
    at <unknown> (file://A:/Projects/Different Project/TaskProject/frontend/.next/dev/static/chunks/node_modules_next_dist_client_0pe1dg-._.js:2680:13)
    at WebSocket.handleMessage (file://A:/Projects/Different Project/TaskProject/frontend/.next/dev/static/chunks/node_modules_next_dist_client_0pe1dg-._.js:2325:17) (file://A:/Projects/Different Project/TaskProject/frontend/.next/dev/static/chunks/node_modules_next_dist_client_0pe1dg-._.js:2774:21)
[browser] ./src/app/(app)/tasks/today/page.tsx:79:11
Unexpected token. Did you mean `{'}'}` or `&rbrace;`?
  77 |             {l}
  78 |           </div>
> 79 |         ))}
     |           ^
  80 |       </div>
  81 |     </div>
  82 |   );

Parsing ecmascript source code failed

Import traces:
  Client Component Browser:
    ./src/app/(app)/tasks/today/page.tsx [Client Component Browser]
    ./src/app/(app)/tasks/today/page.tsx [Server Component]

  Client Component SSR:
    ./src/app/(app)/tasks/today/page.tsx [Client Component SSR]
    ./src/app/(app)/tasks/today/page.tsx [Server Component] 
    at handleErrors (file://A:/Projects/Different Project/TaskProject/frontend/.next/dev/static/chunks/node_modules_next_dist_client_0pe1dg-._.js:2774:21)
    at processMessage (file://A:/Projects/Different Project/TaskProject/frontend/.next/dev/static/chunks/node_modules_next_dist_client_0pe1dg-._.js:2835:28)
    at <unknown> (file://A:/Projects/Different Project/TaskProject/frontend/.next/dev/static/chunks/node_modules_next_dist_client_0pe1dg-._.js:2680:13)
    at WebSocket.handleMessage (file://A:/Projects/Different Project/TaskProject/frontend/.next/dev/static/chunks/node_modules_next_dist_client_0pe1dg-._.js:2325:17) (file://A:/Projects/Different Project/TaskProject/frontend/.next/dev/static/chunks/node_modules_next_dist_client_0pe1dg-._.js:2774:21)
[browser] ./src/app/(app)/tasks/today/page.tsx:74:124
Unexpected token. Did you mean `{'>'}` or `&gt;`?
  72 | ...
  73 | ...
> 74 | ...,"Алгасав"]] as const}.map(([c,l]) => (
     |                                        ^
  75 | ...--text-muted)" }}>
  76 | ... />
  77 | ...

Parsing ecmascript source code failed

Import traces:
  Client Component Browser:
    ./src/app/(app)/tasks/today/page.tsx [Client Component Browser]
    ./src/app/(app)/tasks/today/page.tsx [Server Component]

  Client Component SSR:
    ./src/app/(app)/tasks/today/page.tsx [Client Component SSR]
    ./src/app/(app)/tasks/today/page.tsx [Server Component] 
    at handleErrors (file://A:/Projects/Different Project/TaskProject/frontend/.next/dev/static/chunks/node_modules_next_dist_client_0pe1dg-._.js:2774:21)
    at processMessage (file://A:/Projects/Different Project/TaskProject/frontend/.next/dev/static/chunks/node_modules_next_dist_client_0pe1dg-._.js:2835:28)
    at <unknown> (file://A:/Projects/Different Project/TaskProject/frontend/.next/dev/static/chunks/node_modules_next_dist_client_0pe1dg-._.js:2680:13)
    at WebSocket.handleMessage (file://A:/Projects/Different Project/TaskProject/frontend/.next/dev/static/chunks/node_modules_next_dist_client_0pe1dg-._.js:2325:17) (file://A:/Projects/Different Project/TaskProject/frontend/.next/dev/static/chunks/node_modules_next_dist_client_0pe1dg-._.js:2774:21)
[browser] ./src/app/(app)/tasks/today/page.tsx:79:11
Unexpected token. Did you mean `{'}'}` or `&rbrace;`?
  77 |             {l}
  78 |           </div>
> 79 |         ))}
     |           ^
  80 |       </div>
  81 |     </div>
  82 |   );

Parsing ecmascript source code failed

Import traces:
  Client Component Browser:
    ./src/app/(app)/tasks/today/page.tsx [Client Component Browser]
    ./src/app/(app)/tasks/today/page.tsx [Server Component]

  Client Component SSR:
    ./src/app/(app)/tasks/today/page.tsx [Client Component SSR]
    ./src/app/(app)/tasks/today/page.tsx [Server Component] 
    at handleErrors (file://A:/Projects/Different Project/TaskProject/frontend/.next/dev/static/chunks/node_modules_next_dist_client_0pe1dg-._.js:2774:21)
    at processMessage (file://A:/Projects/Different Project/TaskProject/frontend/.next/dev/static/chunks/node_modules_next_dist_client_0pe1dg-._.js:2835:28)
    at <unknown> (file://A:/Projects/Different Project/TaskProject/frontend/.next/dev/static/chunks/node_modules_next_dist_client_0pe1dg-._.js:2680:13)
    at WebSocket.handleMessage (file://A:/Projects/Different Project/TaskProject/frontend/.next/dev/static/chunks/node_modules_next_dist_client_0pe1dg-._.js:2325:17) (file://A:/Projects/Different Project/TaskProject/frontend/.next/dev/static/chunks/node_modules_next_dist_client_0pe1dg-._.js:2774:21)
[browser] ./src/app/(app)/tasks/today/page.tsx:74:124
Unexpected token. Did you mean `{'>'}` or `&gt;`?
  72 | ...
  73 | ...
> 74 | ...,"Алгасав"]] as const}.map(([c,l]) => (
     |                                        ^
  75 | ...--text-muted)" }}>
  76 | ... />
  77 | ...

Parsing ecmascript source code failed

Import traces:
  Client Component Browser:
    ./src/app/(app)/tasks/today/page.tsx [Client Component Browser]
    ./src/app/(app)/tasks/today/page.tsx [Server Component]

  Client Component SSR:
    ./src/app/(app)/tasks/today/page.tsx [Client Component SSR]
    ./src/app/(app)/tasks/today/page.tsx [Server Component] 
    at handleErrors (file://A:/Projects/Different Project/TaskProject/frontend/.next/dev/static/chunks/node_modules_next_dist_client_0pe1dg-._.js:2774:21)
    at processMessage (file://A:/Projects/Different Project/TaskProject/frontend/.next/dev/static/chunks/node_modules_next_dist_client_0pe1dg-._.js:2835:28)
    at <unknown> (file://A:/Projects/Different Project/TaskProject/frontend/.next/dev/static/chunks/node_modules_next_dist_client_0pe1dg-._.js:2680:13)
    at WebSocket.handleMessage (file://A:/Projects/Different Project/TaskProject/frontend/.next/dev/static/chunks/node_modules_next_dist_client_0pe1dg-._.js:2325:17) (file://A:/Projects/Different Project/TaskProject/frontend/.next/dev/static/chunks/node_modules_next_dist_client_0pe1dg-._.js:2774:21)
[browser] ./src/app/(app)/tasks/today/page.tsx:79:11
Unexpected token. Did you mean `{'}'}` or `&rbrace;`?
  77 |             {l}
  78 |           </div>
> 79 |         ))}
     |           ^
  80 |       </div>
  81 |     </div>
  82 |   );

Parsing ecmascript source code failed

Import traces:
  Client Component Browser:
    ./src/app/(app)/tasks/today/page.tsx [Client Component Browser]
    ./src/app/(app)/tasks/today/page.tsx [Server Component]

  Client Component SSR:
    ./src/app/(app)/tasks/today/page.tsx [Client Component SSR]
    ./src/app/(app)/tasks/today/page.tsx [Server Component] 
    at handleErrors (file://A:/Projects/Different Project/TaskProject/frontend/.next/dev/static/chunks/node_modules_next_dist_client_0pe1dg-._.js:2774:21)
    at processMessage (file://A:/Projects/Different Project/TaskProject/frontend/.next/dev/static/chunks/node_modules_next_dist_client_0pe1dg-._.js:2835:28)
    at <unknown> (file://A:/Projects/Different Project/TaskProject/frontend/.next/dev/static/chunks/node_modules_next_dist_client_0pe1dg-._.js:2680:13)
    at WebSocket.handleMessage (file://A:/Projects/Different Project/TaskProject/frontend/.next/dev/static/chunks/node_modules_next_dist_client_0pe1dg-._.js:2325:17) (file://A:/Projects/Different Project/TaskProject/frontend/.next/dev/static/chunks/node_modules_next_dist_client_0pe1dg-._.js:2774:21)
⨯ ./src/app/(app)/tasks/today/page.tsx:74:124
Unexpected token. Did you mean `{'>'}` or `&gt;`?
  [90m72 |[0m ...
  [90m73 |[0m ...
[31m[1m>[0m [90m74 |[0m ...,[32m"Алгасав"[0m]] [36mas[0m [36mconst[0m}.map(([c,l]) => (
  [90m   |[0m                                        [31m[1m^[0m
  [90m75 |[0m ...[32m--text-muted)"[0m }}>
  [90m76 |[0m ... />
  [90m77 |[0m ...

Parsing ecmascript source code failed

Import traces:
  Client Component Browser:
    ./src/app/(app)/tasks/today/page.tsx [Client Component Browser]
    ./src/app/(app)/tasks/today/page.tsx [Server Component]

  Client Component SSR:
    ./src/app/(app)/tasks/today/page.tsx [Client Component SSR]
    ./src/app/(app)/tasks/today/page.tsx [Server Component]



./src/app/(app)/tasks/today/page.tsx:79:11
Unexpected token. Did you mean `{'}'}` or `&rbrace;`?
  [90m77 |[0m             {l}
  [90m78 |[0m           </div>
[31m[1m>[0m [90m79 |[0m         ))}
  [90m   |[0m           [31m[1m^[0m
  [90m80 |[0m       </div>
  [90m81 |[0m     </div>
  [90m82 |[0m   );

Parsing ecmascript source code failed

Import traces:
  Client Component Browser:
    ./src/app/(app)/tasks/today/page.tsx [Client Component Browser]
    ./src/app/(app)/tasks/today/page.tsx [Server Component]

  Client Component SSR:
    ./src/app/(app)/tasks/today/page.tsx [Client Component SSR]
    ./src/app/(app)/tasks/today/page.tsx [Server Component]


 GET /tasks/today 500 in 41ms (next.js: 16ms, application-code: 25ms)
⨯ ./src/app/(app)/tasks/today/page.tsx:74:124
Unexpected token. Did you mean `{'>'}` or `&gt;`?
  [90m72 |[0m ...
  [90m73 |[0m ...
[31m[1m>[0m [90m74 |[0m ...,[32m"Алгасав"[0m]] [36mas[0m [36mconst[0m}.map(([c,l]) => (
  [90m   |[0m                                        [31m[1m^[0m
  [90m75 |[0m ...[32m--text-muted)"[0m }}>
  [90m76 |[0m ... />
  [90m77 |[0m ...

Parsing ecmascript source code failed

Import traces:
  Client Component Browser:
    ./src/app/(app)/tasks/today/page.tsx [Client Component Browser]
    ./src/app/(app)/tasks/today/page.tsx [Server Component]

  Client Component SSR:
    ./src/app/(app)/tasks/today/page.tsx [Client Component SSR]
    ./src/app/(app)/tasks/today/page.tsx [Server Component]



./src/app/(app)/tasks/today/page.tsx:79:11
Unexpected token. Did you mean `{'}'}` or `&rbrace;`?
  [90m77 |[0m             {l}
  [90m78 |[0m           </div>
[31m[1m>[0m [90m79 |[0m         ))}
  [90m   |[0m           [31m[1m^[0m
  [90m80 |[0m       </div>
  [90m81 |[0m     </div>
  [90m82 |[0m   );

Parsing ecmascript source code failed

Import traces:
  Client Component Browser:
    ./src/app/(app)/tasks/today/page.tsx [Client Component Browser]
    ./src/app/(app)/tasks/today/page.tsx [Server Component]

  Client Component SSR:
    ./src/app/(app)/tasks/today/page.tsx [Client Component SSR]
    ./src/app/(app)/tasks/today/page.tsx [Server Component]


 GET /tasks/today 500 in 106ms (next.js: 23ms, application-code: 82ms)
[browser] Uncaught Error: ./src/app/(app)/tasks/today/page.tsx:74:124
Unexpected token. Did you mean `{'>'}` or `&gt;`?
  72 | ...
  73 | ...
> 74 | ...,"Алгасав"]] as const}.map(([c,l]) => (
     |                                        ^
  75 | ...--text-muted)" }}>
  76 | ... />
  77 | ...

Parsing ecmascript source code failed

Import traces:
  Client Component Browser:
    ./src/app/(app)/tasks/today/page.tsx [Client Component Browser]
    ./src/app/(app)/tasks/today/page.tsx [Server Component]

  Client Component SSR:
    ./src/app/(app)/tasks/today/page.tsx [Client Component SSR]
    ./src/app/(app)/tasks/today/page.tsx [Server Component]


    at <unknown> (Error: ./src/app/(app)/tasks/today/page.tsx:74:124)
    at <unknown> (Error: (./src/app/(app)/tasks/today/page.tsx:74:124)
⨯ ./src/app/(app)/tasks/today/page.tsx:74:124
Unexpected token. Did you mean `{'>'}` or `&gt;`?
  [90m72 |[0m ...
  [90m73 |[0m ...
[31m[1m>[0m [90m74 |[0m ...,[32m"Алгасав"[0m]] [36mas[0m [36mconst[0m}.map(([c,l]) => (
  [90m   |[0m                                        [31m[1m^[0m
  [90m75 |[0m ...[32m--text-muted)"[0m }}>
  [90m76 |[0m ... />
  [90m77 |[0m ...

Parsing ecmascript source code failed

Import traces:
  Client Component Browser:
    ./src/app/(app)/tasks/today/page.tsx [Client Component Browser]
    ./src/app/(app)/tasks/today/page.tsx [Server Component]

  Client Component SSR:
    ./src/app/(app)/tasks/today/page.tsx [Client Component SSR]
    ./src/app/(app)/tasks/today/page.tsx [Server Component]



./src/app/(app)/tasks/today/page.tsx:79:11
Unexpected token. Did you mean `{'}'}` or `&rbrace;`?
  [90m77 |[0m             {l}
  [90m78 |[0m           </div>
[31m[1m>[0m [90m79 |[0m         ))}
  [90m   |[0m           [31m[1m^[0m
  [90m80 |[0m       </div>
  [90m81 |[0m     </div>
  [90m82 |[0m   );

Parsing ecmascript source code failed

Import traces:
  Client Component Browser:
    ./src/app/(app)/tasks/today/page.tsx [Client Component Browser]
    ./src/app/(app)/tasks/today/page.tsx [Server Component]

  Client Component SSR:
    ./src/app/(app)/tasks/today/page.tsx [Client Component SSR]
    ./src/app/(app)/tasks/today/page.tsx [Server Component]


⨯ ./src/app/(app)/tasks/today/page.tsx:74:124
Unexpected token. Did you mean `{'>'}` or `&gt;`?
  [90m72 |[0m ...
  [90m73 |[0m ...
[31m[1m>[0m [90m74 |[0m ...,[32m"Алгасав"[0m]] [36mas[0m [36mconst[0m}.map(([c,l]) => (
  [90m   |[0m                                        [31m[1m^[0m
  [90m75 |[0m ...[32m--text-muted)"[0m }}>
  [90m76 |[0m ... />
  [90m77 |[0m ...

Parsing ecmascript source code failed

Import traces:
  Client Component Browser:
    ./src/app/(app)/tasks/today/page.tsx [Client Component Browser]
    ./src/app/(app)/tasks/today/page.tsx [Server Component]

  Client Component SSR:
    ./src/app/(app)/tasks/today/page.tsx [Client Component SSR]
    ./src/app/(app)/tasks/today/page.tsx [Server Component]



./src/app/(app)/tasks/today/page.tsx:79:11
Unexpected token. Did you mean `{'}'}` or `&rbrace;`?
  [90m77 |[0m             {l}
  [90m78 |[0m           </div>
[31m[1m>[0m [90m79 |[0m         ))}
  [90m   |[0m           [31m[1m^[0m
  [90m80 |[0m       </div>
  [90m81 |[0m     </div>
  [90m82 |[0m   );

Parsing ecmascript source code failed

Import traces:
  Client Component Browser:
    ./src/app/(app)/tasks/today/page.tsx [Client Component Browser]
    ./src/app/(app)/tasks/today/page.tsx [Server Component]

  Client Component SSR:
    ./src/app/(app)/tasks/today/page.tsx [Client Component SSR]
    ./src/app/(app)/tasks/today/page.tsx [Server Component]


 GET /tasks/today 500 in 33ms (next.js: 15ms, application-code: 18ms)
[browser] Uncaught Error: ./src/app/(app)/tasks/today/page.tsx:74:124
Unexpected token. Did you mean `{'>'}` or `&gt;`?
  72 | ...
  73 | ...
> 74 | ...,"Алгасав"]] as const}.map(([c,l]) => (
     |                                        ^
  75 | ...--text-muted)" }}>
  76 | ... />
  77 | ...

Parsing ecmascript source code failed

Import traces:
  Client Component Browser:
    ./src/app/(app)/tasks/today/page.tsx [Client Component Browser]
    ./src/app/(app)/tasks/today/page.tsx [Server Component]

  Client Component SSR:
    ./src/app/(app)/tasks/today/page.tsx [Client Component SSR]
    ./src/app/(app)/tasks/today/page.tsx [Server Component]


    at <unknown> (Error: ./src/app/(app)/tasks/today/page.tsx:74:124)
    at <unknown> (Error: (./src/app/(app)/tasks/today/page.tsx:74:124)
✓ Compiled in 256ms
 GET /tasks/today 200 in 832ms (next.js: 232ms, application-code: 600ms)
 GET /tasks/today 200 in 156ms (next.js: 17ms, application-code: 139ms)
 GET /login 200 in 70ms (next.js: 22ms, application-code: 47ms)
 GET /login 200 in 286ms (next.js: 21ms, application-code: 265ms)
 GET /dashboard 200 in 270ms (next.js: 155ms, application-code: 116ms)
✓ Compiled in 107ms
 GET /dashboard 200 in 591ms (next.js: 243ms, application-code: 348ms)
 GET /dashboard 200 in 381ms (next.js: 39ms, application-code: 343ms)
 GET /dashboard 200 in 196ms (next.js: 11ms, application-code: 184ms)
 GET /dashboard 200 in 212ms (next.js: 82ms, application-code: 130ms)
✓ Compiled in 127ms
 GET /dashboard 200 in 438ms (next.js: 295ms, application-code: 143ms)
✓ Compiled in 1446ms
 GET /dashboard 200 in 887ms (next.js: 257ms, application-code: 631ms)
 GET /dashboard 200 in 470ms (next.js: 294ms, application-code: 175ms)
 GET /dashboard 200 in 696ms (next.js: 7ms, application-code: 689ms)
 GET /login 200 in 77ms (next.js: 24ms, application-code: 53ms)
✓ Compiled in 115ms
 GET /login 200 in 318ms (next.js: 138ms, application-code: 180ms)
✓ Compiled in 96ms
 GET /login 200 in 350ms (next.js: 129ms, application-code: 220ms)
 GET /login 200 in 70ms (next.js: 7ms, application-code: 63ms)
 GET /login 200 in 291ms (next.js: 151ms, application-code: 141ms)
 GET /login 200 in 364ms (next.js: 18ms, application-code: 346ms)
 GET /login 200 in 289ms (next.js: 6ms, application-code: 282ms)
 GET /login 200 in 356ms (next.js: 7ms, application-code: 349ms)
 GET /login 200 in 359ms (next.js: 57ms, application-code: 303ms)
 GET /login 200 in 364ms (next.js: 120ms, application-code: 243ms)
 GET /login 200 in 369ms (next.js: 162ms, application-code: 207ms)
 GET /login 200 in 387ms (next.js: 6ms, application-code: 380ms)
 GET /login 200 in 329ms (next.js: 10ms, application-code: 319ms)
 GET /login 200 in 338ms (next.js: 14ms, application-code: 325ms)
 GET /login 200 in 337ms (next.js: 71ms, application-code: 266ms)
 GET /login 200 in 337ms (next.js: 119ms, application-code: 218ms)
 GET /login 200 in 335ms (next.js: 168ms, application-code: 167ms)
 GET /login 200 in 332ms (next.js: 12ms, application-code: 321ms)
 GET /login 200 in 278ms (next.js: 5ms, application-code: 274ms)
 GET /login 200 in 336ms (next.js: 10ms, application-code: 327ms)
 GET /login 200 in 336ms (next.js: 63ms, application-code: 273ms)
 GET /login 200 in 345ms (next.js: 110ms, application-code: 235ms)
 GET /login 200 in 344ms (next.js: 162ms, application-code: 182ms)
 GET /login 200 in 398ms (next.js: 5ms, application-code: 393ms)
 GET /login 200 in 352ms (next.js: 4ms, application-code: 347ms)
 GET /login 200 in 347ms (next.js: 37ms, application-code: 310ms)
 GET /login 200 in 348ms (next.js: 88ms, application-code: 260ms)
 GET /login 200 in 323ms (next.js: 113ms, application-code: 210ms)
 GET /login 200 in 328ms (next.js: 164ms, application-code: 164ms)
 GET /login 200 in 358ms (next.js: 6ms, application-code: 352ms)
 GET /login 200 in 357ms (next.js: 61ms, application-code: 297ms)
 GET /login 200 in 347ms (next.js: 10ms, application-code: 337ms)
 GET /login 200 in 347ms (next.js: 72ms, application-code: 275ms)
 GET /login 200 in 283ms (next.js: 55ms, application-code: 228ms)
 GET /login 200 in 239ms (next.js: 64ms, application-code: 175ms)
 GET /login 200 in 351ms (next.js: 6ms, application-code: 345ms)
 GET /login 200 in 352ms (next.js: 51ms, application-code: 301ms)
 GET /login 200 in 336ms (next.js: 8ms, application-code: 327ms)
 GET /login 200 in 286ms (next.js: 7ms, application-code: 278ms)
 GET /login 200 in 285ms (next.js: 54ms, application-code: 231ms)
 GET /login 200 in 237ms (next.js: 62ms, application-code: 175ms)
 GET /login 200 in 155ms (next.js: 6ms, application-code: 149ms)
 GET /login 200 in 159ms (next.js: 49ms, application-code: 111ms)
 GET /login 200 in 65ms (next.js: 5ms, application-code: 60ms)
 GET /login 200 in 629ms (next.js: 135ms, application-code: 493ms)
 GET /login 200 in 349ms (next.js: 6ms, application-code: 343ms)
 GET /login 200 in 325ms (next.js: 8ms, application-code: 318ms)
 GET /login 200 in 328ms (next.js: 58ms, application-code: 270ms)
 GET /login 200 in 329ms (next.js: 127ms, application-code: 202ms)
 GET /login 200 in 330ms (next.js: 185ms, application-code: 145ms)
 GET /login 200 in 385ms (next.js: 8ms, application-code: 378ms)
 GET /login 200 in 384ms (next.js: 14ms, application-code: 370ms)
 GET /login 200 in 317ms (next.js: 7ms, application-code: 311ms)
 GET /login 200 in 318ms (next.js: 53ms, application-code: 265ms)
 GET /login 200 in 326ms (next.js: 122ms, application-code: 204ms)
 GET /login 200 in 329ms (next.js: 181ms, application-code: 149ms)
 GET /login 200 in 382ms (next.js: 4ms, application-code: 377ms)
 GET /login 200 in 358ms (next.js: 18ms, application-code: 341ms)
 GET /login 200 in 379ms (next.js: 93ms, application-code: 285ms)
 GET /login 200 in 365ms (next.js: 128ms, application-code: 237ms)
 GET /login 200 in 365ms (next.js: 196ms, application-code: 169ms)
 GET /login 200 in 366ms (next.js: 243ms, application-code: 122ms)
 GET /login 200 in 463ms (next.js: 6ms, application-code: 457ms)
 GET /login 200 in 456ms (next.js: 19ms, application-code: 437ms)
 GET /login 200 in 456ms (next.js: 71ms, application-code: 385ms)
 GET /login 200 in 456ms (next.js: 136ms, application-code: 320ms)
 GET /login 200 in 456ms (next.js: 202ms, application-code: 254ms)
 GET /login 200 in 459ms (next.js: 263ms, application-code: 195ms)
 GET /login 200 in 395ms (next.js: 13ms, application-code: 382ms)
 GET /login 200 in 390ms (next.js: 9ms, application-code: 381ms)
 GET /login 200 in 390ms (next.js: 65ms, application-code: 325ms)
 GET /login 200 in 389ms (next.js: 132ms, application-code: 257ms)
 GET /login 200 in 389ms (next.js: 186ms, application-code: 203ms)
 GET /login 200 in 149ms (next.js: 8ms, application-code: 142ms)
 GET /login 200 in 379ms (next.js: 6ms, application-code: 373ms)
 GET /login 200 in 434ms (next.js: 8ms, application-code: 426ms)
 GET /login 200 in 433ms (next.js: 67ms, application-code: 367ms)
 GET /login 200 in 433ms (next.js: 119ms, application-code: 315ms)
 GET /login 200 in 434ms (next.js: 201ms, application-code: 233ms)
 GET /login 200 in 386ms (next.js: 19ms, application-code: 367ms)
 GET /login 200 in 313ms (next.js: 6ms, application-code: 307ms)
 GET /login 200 in 316ms (next.js: 8ms, application-code: 307ms)
 GET /login 200 in 314ms (next.js: 52ms, application-code: 262ms)
 GET /login 200 in 314ms (next.js: 107ms, application-code: 207ms)
 GET /login 200 in 212ms (next.js: 68ms, application-code: 144ms)
 GET /login 200 in 80ms (next.js: 5ms, application-code: 74ms)
✓ Compiled in 86ms
 GET /login 200 in 261ms (next.js: 122ms, application-code: 139ms)
 GET /login 200 in 60ms (next.js: 5ms, application-code: 54ms)
✓ Compiled in 72ms
 GET /login 200 in 395ms (next.js: 217ms, application-code: 179ms)
 GET /login 200 in 115ms (next.js: 66ms, application-code: 49ms)
✓ Compiled in 108ms
 GET /login 200 in 219ms (next.js: 130ms, application-code: 89ms)
✓ Compiled in 144ms
 GET /login 200 in 271ms (next.js: 120ms, application-code: 151ms)
 GET /dashboard 200 in 275ms (next.js: 155ms, application-code: 120ms)
 GET /profile/labels 200 in 1543ms (next.js: 1389ms, application-code: 154ms)
 GET /profile/edit 200 in 268ms (next.js: 152ms, application-code: 116ms)
 GET /friends 200 in 446ms (next.js: 278ms, application-code: 169ms)
 GET /tasks/plans 200 in 311ms (next.js: 202ms, application-code: 109ms)
 GET /tasks/report 200 in 1848ms (next.js: 1773ms, application-code: 75ms)
 GET /tasks/report 200 in 52ms (next.js: 4ms, application-code: 48ms)
 GET /tasks/plans 200 in 46ms (next.js: 4ms, application-code: 42ms)
 GET /tasks/today 200 in 279ms (next.js: 149ms, application-code: 130ms)
 GET /dashboard 200 in 76ms (next.js: 5ms, application-code: 71ms)
 GET /feed 200 in 267ms (next.js: 153ms, application-code: 114ms)
 GET /dashboard 200 in 50ms (next.js: 4ms, application-code: 46ms)
 GET /rooms 200 in 338ms (next.js: 203ms, application-code: 135ms)
 GET /profile/labels 200 in 51ms (next.js: 8ms, application-code: 43ms)
 GET /rooms 200 in 45ms (next.js: 6ms, application-code: 39ms)
 GET /rooms/cmpf2udf50001uosu1lkulwp4 200 in 287ms (next.js: 166ms, application-code: 121ms)
 GET /profile/labels 200 in 53ms (next.js: 5ms, application-code: 47ms)
