
> backend@0.0.1 start:dev
> nest start --watch

[2J[3J[H[[90m1:47:08 PM[0m] Starting compilation in watch mode...

[[90m1:47:26 PM[0m] Found 0 errors. Watching for file changes.

[32m[Nest] 2400  - [39m05/21/2026, 1:47:32 PM [32m    LOG[39m [38;5;3m[NestFactory] [39m[32mStarting Nest application...[39m
[32m[Nest] 2400  - [39m05/21/2026, 1:47:32 PM [32m    LOG[39m [38;5;3m[InstanceLoader] [39m[32mAppModule dependencies initialized[39m[38;5;3m +58ms[39m
[32m[Nest] 2400  - [39m05/21/2026, 1:47:32 PM [32m    LOG[39m [38;5;3m[InstanceLoader] [39m[32mPrismaModule dependencies initialized[39m[38;5;3m +1ms[39m
[32m[Nest] 2400  - [39m05/21/2026, 1:47:32 PM [32m    LOG[39m [38;5;3m[InstanceLoader] [39m[32mPassportModule dependencies initialized[39m[38;5;3m +0ms[39m
[32m[Nest] 2400  - [39m05/21/2026, 1:47:32 PM [32m    LOG[39m [38;5;3m[InstanceLoader] [39m[32mConfigHostModule dependencies initialized[39m[38;5;3m +4ms[39m
[32m[Nest] 2400  - [39m05/21/2026, 1:47:32 PM [32m    LOG[39m [38;5;3m[InstanceLoader] [39m[32mJwtModule dependencies initialized[39m[38;5;3m +1ms[39m
[32m[Nest] 2400  - [39m05/21/2026, 1:47:32 PM [32m    LOG[39m [38;5;3m[InstanceLoader] [39m[32mJwtModule dependencies initialized[39m[38;5;3m +0ms[39m
[32m[Nest] 2400  - [39m05/21/2026, 1:47:32 PM [32m    LOG[39m [38;5;3m[InstanceLoader] [39m[32mConfigModule dependencies initialized[39m[38;5;3m +5ms[39m
[32m[Nest] 2400  - [39m05/21/2026, 1:47:32 PM [32m    LOG[39m [38;5;3m[InstanceLoader] [39m[32mGatewayModule dependencies initialized[39m[38;5;3m +2ms[39m
[32m[Nest] 2400  - [39m05/21/2026, 1:47:32 PM [32m    LOG[39m [38;5;3m[InstanceLoader] [39m[32mUsersModule dependencies initialized[39m[38;5;3m +2ms[39m
[32m[Nest] 2400  - [39m05/21/2026, 1:47:32 PM [32m    LOG[39m [38;5;3m[InstanceLoader] [39m[32mTasksModule dependencies initialized[39m[38;5;3m +0ms[39m
[32m[Nest] 2400  - [39m05/21/2026, 1:47:32 PM [32m    LOG[39m [38;5;3m[InstanceLoader] [39m[32mFriendsModule dependencies initialized[39m[38;5;3m +0ms[39m
[32m[Nest] 2400  - [39m05/21/2026, 1:47:32 PM [32m    LOG[39m [38;5;3m[InstanceLoader] [39m[32mStatusModule dependencies initialized[39m[38;5;3m +0ms[39m
[32m[Nest] 2400  - [39m05/21/2026, 1:47:32 PM [32m    LOG[39m [38;5;3m[InstanceLoader] [39m[32mMessagesModule dependencies initialized[39m[38;5;3m +0ms[39m
[32m[Nest] 2400  - [39m05/21/2026, 1:47:32 PM [32m    LOG[39m [38;5;3m[InstanceLoader] [39m[32mRoomsModule dependencies initialized[39m[38;5;3m +1ms[39m
[32m[Nest] 2400  - [39m05/21/2026, 1:47:32 PM [32m    LOG[39m [38;5;3m[InstanceLoader] [39m[32mAdminModule dependencies initialized[39m[38;5;3m +0ms[39m
[32m[Nest] 2400  - [39m05/21/2026, 1:47:32 PM [32m    LOG[39m [38;5;3m[InstanceLoader] [39m[32mPostsModule dependencies initialized[39m[38;5;3m +0ms[39m
[32m[Nest] 2400  - [39m05/21/2026, 1:47:32 PM [32m    LOG[39m [38;5;3m[InstanceLoader] [39m[32mAuthModule dependencies initialized[39m[38;5;3m +0ms[39m
[32m[Nest] 2400  - [39m05/21/2026, 1:47:32 PM [32m    LOG[39m [38;5;3m[WebSocketsController] [39m[32mAppGateway subscribed to the "join:room" message[39m[38;5;3m +46ms[39m
[32m[Nest] 2400  - [39m05/21/2026, 1:47:32 PM [32m    LOG[39m [38;5;3m[WebSocketsController] [39m[32mAppGateway subscribed to the "leave:room" message[39m[38;5;3m +0ms[39m
[32m[Nest] 2400  - [39m05/21/2026, 1:47:32 PM [32m    LOG[39m [38;5;3m[WebSocketsController] [39m[32mAppGateway subscribed to the "send:message" message[39m[38;5;3m +0ms[39m
[32m[Nest] 2400  - [39m05/21/2026, 1:47:32 PM [32m    LOG[39m [38;5;3m[WebSocketsController] [39m[32mAppGateway subscribed to the "typing:start" message[39m[38;5;3m +0ms[39m
[32m[Nest] 2400  - [39m05/21/2026, 1:47:32 PM [32m    LOG[39m [38;5;3m[WebSocketsController] [39m[32mAppGateway subscribed to the "typing:stop" message[39m[38;5;3m +0ms[39m
[32m[Nest] 2400  - [39m05/21/2026, 1:47:32 PM [32m    LOG[39m [38;5;3m[RoutesResolver] [39m[32mUsersController {/api/users}:[39m[38;5;3m +5ms[39m
[32m[Nest] 2400  - [39m05/21/2026, 1:47:32 PM [32m    LOG[39m [38;5;3m[RouterExplorer] [39m[32mMapped {/api/users/me, GET} route[39m[38;5;3m +5ms[39m
[32m[Nest] 2400  - [39m05/21/2026, 1:47:32 PM [32m    LOG[39m [38;5;3m[RouterExplorer] [39m[32mMapped {/api/users/me, PATCH} route[39m[38;5;3m +1ms[39m
[32m[Nest] 2400  - [39m05/21/2026, 1:47:32 PM [32m    LOG[39m [38;5;3m[RouterExplorer] [39m[32mMapped {/api/users/me/avatar, POST} route[39m[38;5;3m +1ms[39m
[32m[Nest] 2400  - [39m05/21/2026, 1:47:32 PM [32m    LOG[39m [38;5;3m[RouterExplorer] [39m[32mMapped {/api/users/search, GET} route[39m[38;5;3m +1ms[39m
[32m[Nest] 2400  - [39m05/21/2026, 1:47:32 PM [32m    LOG[39m [38;5;3m[RouterExplorer] [39m[32mMapped {/api/users/:username, GET} route[39m[38;5;3m +1ms[39m
[32m[Nest] 2400  - [39m05/21/2026, 1:47:32 PM [32m    LOG[39m [38;5;3m[RoutesResolver] [39m[32mAuthController {/api/auth}:[39m[38;5;3m +5ms[39m
[32m[Nest] 2400  - [39m05/21/2026, 1:47:32 PM [32m    LOG[39m [38;5;3m[RouterExplorer] [39m[32mMapped {/api/auth/register, POST} route[39m[38;5;3m +1ms[39m
[32m[Nest] 2400  - [39m05/21/2026, 1:47:32 PM [32m    LOG[39m [38;5;3m[RouterExplorer] [39m[32mMapped {/api/auth/login, POST} route[39m[38;5;3m +1ms[39m
[32m[Nest] 2400  - [39m05/21/2026, 1:47:32 PM [32m    LOG[39m [38;5;3m[RouterExplorer] [39m[32mMapped {/api/auth/me, GET} route[39m[38;5;3m +1ms[39m
[32m[Nest] 2400  - [39m05/21/2026, 1:47:32 PM [32m    LOG[39m [38;5;3m[RoutesResolver] [39m[32mTasksController {/api/tasks}:[39m[38;5;3m +0ms[39m
[32m[Nest] 2400  - [39m05/21/2026, 1:47:32 PM [32m    LOG[39m [38;5;3m[RouterExplorer] [39m[32mMapped {/api/tasks, POST} route[39m[38;5;3m +1ms[39m
[32m[Nest] 2400  - [39m05/21/2026, 1:47:32 PM [32m    LOG[39m [38;5;3m[RouterExplorer] [39m[32mMapped {/api/tasks/today, GET} route[39m[38;5;3m +1ms[39m
[32m[Nest] 2400  - [39m05/21/2026, 1:47:32 PM [32m    LOG[39m [38;5;3m[RouterExplorer] [39m[32mMapped {/api/tasks/plans, GET} route[39m[38;5;3m +0ms[39m
[32m[Nest] 2400  - [39m05/21/2026, 1:47:32 PM [32m    LOG[39m [38;5;3m[RouterExplorer] [39m[32mMapped {/api/tasks/history, GET} route[39m[38;5;3m +1ms[39m
[32m[Nest] 2400  - [39m05/21/2026, 1:47:32 PM [32m    LOG[39m [38;5;3m[RouterExplorer] [39m[32mMapped {/api/tasks/stats, GET} route[39m[38;5;3m +0ms[39m
[32m[Nest] 2400  - [39m05/21/2026, 1:47:32 PM [32m    LOG[39m [38;5;3m[RouterExplorer] [39m[32mMapped {/api/tasks/:id, GET} route[39m[38;5;3m +1ms[39m
[32m[Nest] 2400  - [39m05/21/2026, 1:47:32 PM [32m    LOG[39m [38;5;3m[RouterExplorer] [39m[32mMapped {/api/tasks/:id, PATCH} route[39m[38;5;3m +0ms[39m
[32m[Nest] 2400  - [39m05/21/2026, 1:47:32 PM [32m    LOG[39m [38;5;3m[RouterExplorer] [39m[32mMapped {/api/tasks/:id, DELETE} route[39m[38;5;3m +5ms[39m
[32m[Nest] 2400  - [39m05/21/2026, 1:47:32 PM [32m    LOG[39m [38;5;3m[RouterExplorer] [39m[32mMapped {/api/tasks/:id/complete, PATCH} route[39m[38;5;3m +1ms[39m
[32m[Nest] 2400  - [39m05/21/2026, 1:47:32 PM [32m    LOG[39m [38;5;3m[RoutesResolver] [39m[32mFriendsController {/api/friends}:[39m[38;5;3m +0ms[39m
[32m[Nest] 2400  - [39m05/21/2026, 1:47:32 PM [32m    LOG[39m [38;5;3m[RouterExplorer] [39m[32mMapped {/api/friends, GET} route[39m[38;5;3m +3ms[39m
[32m[Nest] 2400  - [39m05/21/2026, 1:47:32 PM [32m    LOG[39m [38;5;3m[RouterExplorer] [39m[32mMapped {/api/friends/requests/incoming, GET} route[39m[38;5;3m +1ms[39m
[32m[Nest] 2400  - [39m05/21/2026, 1:47:32 PM [32m    LOG[39m [38;5;3m[RouterExplorer] [39m[32mMapped {/api/friends/requests/sent, GET} route[39m[38;5;3m +0ms[39m
[32m[Nest] 2400  - [39m05/21/2026, 1:47:32 PM [32m    LOG[39m [38;5;3m[RouterExplorer] [39m[32mMapped {/api/friends/request/:targetId, POST} route[39m[38;5;3m +1ms[39m
[32m[Nest] 2400  - [39m05/21/2026, 1:47:32 PM [32m    LOG[39m [38;5;3m[RouterExplorer] [39m[32mMapped {/api/friends/accept/:requestId, PATCH} route[39m[38;5;3m +0ms[39m
[32m[Nest] 2400  - [39m05/21/2026, 1:47:32 PM [32m    LOG[39m [38;5;3m[RouterExplorer] [39m[32mMapped {/api/friends/decline/:requestId, PATCH} route[39m[38;5;3m +1ms[39m
[32m[Nest] 2400  - [39m05/21/2026, 1:47:32 PM [32m    LOG[39m [38;5;3m[RouterExplorer] [39m[32mMapped {/api/friends/:friendId, DELETE} route[39m[38;5;3m +0ms[39m
[32m[Nest] 2400  - [39m05/21/2026, 1:47:32 PM [32m    LOG[39m [38;5;3m[RoutesResolver] [39m[32mStatusController {/api/status}:[39m[38;5;3m +0ms[39m
[32m[Nest] 2400  - [39m05/21/2026, 1:47:32 PM [32m    LOG[39m [38;5;3m[RouterExplorer] [39m[32mMapped {/api/status, PUT} route[39m[38;5;3m +1ms[39m
[32m[Nest] 2400  - [39m05/21/2026, 1:47:32 PM [32m    LOG[39m [38;5;3m[RouterExplorer] [39m[32mMapped {/api/status, DELETE} route[39m[38;5;3m +0ms[39m
[32m[Nest] 2400  - [39m05/21/2026, 1:47:32 PM [32m    LOG[39m [38;5;3m[RoutesResolver] [39m[32mMessagesController {/api/messages}:[39m[38;5;3m +1ms[39m
[32m[Nest] 2400  - [39m05/21/2026, 1:47:32 PM [32m    LOG[39m [38;5;3m[RouterExplorer] [39m[32mMapped {/api/messages/conversations, GET} route[39m[38;5;3m +0ms[39m
[32m[Nest] 2400  - [39m05/21/2026, 1:47:32 PM [32m    LOG[39m [38;5;3m[RouterExplorer] [39m[32mMapped {/api/messages/dm/:userId, GET} route[39m[38;5;3m +0ms[39m
[32m[Nest] 2400  - [39m05/21/2026, 1:47:32 PM [32m    LOG[39m [38;5;3m[RouterExplorer] [39m[32mMapped {/api/messages/dm/:userId, POST} route[39m[38;5;3m +2ms[39m
[32m[Nest] 2400  - [39m05/21/2026, 1:47:32 PM [32m    LOG[39m [38;5;3m[RouterExplorer] [39m[32mMapped {/api/messages/room/:roomId, GET} route[39m[38;5;3m +1ms[39m
[32m[Nest] 2400  - [39m05/21/2026, 1:47:32 PM [32m    LOG[39m [38;5;3m[RouterExplorer] [39m[32mMapped {/api/messages/room/:roomId, POST} route[39m[38;5;3m +0ms[39m
[32m[Nest] 2400  - [39m05/21/2026, 1:47:32 PM [32m    LOG[39m [38;5;3m[RoutesResolver] [39m[32mRoomsController {/api/rooms}:[39m[38;5;3m +0ms[39m
[32m[Nest] 2400  - [39m05/21/2026, 1:47:32 PM [32m    LOG[39m [38;5;3m[RouterExplorer] [39m[32mMapped {/api/rooms, POST} route[39m[38;5;3m +1ms[39m
[32m[Nest] 2400  - [39m05/21/2026, 1:47:32 PM [32m    LOG[39m [38;5;3m[RouterExplorer] [39m[32mMapped {/api/rooms, GET} route[39m[38;5;3m +0ms[39m
[32m[Nest] 2400  - [39m05/21/2026, 1:47:32 PM [32m    LOG[39m [38;5;3m[RouterExplorer] [39m[32mMapped {/api/rooms/:id, GET} route[39m[38;5;3m +0ms[39m
[32m[Nest] 2400  - [39m05/21/2026, 1:47:32 PM [32m    LOG[39m [38;5;3m[RouterExplorer] [39m[32mMapped {/api/rooms/:id/invite/:userId, POST} route[39m[38;5;3m +1ms[39m
[32m[Nest] 2400  - [39m05/21/2026, 1:47:32 PM [32m    LOG[39m [38;5;3m[RouterExplorer] [39m[32mMapped {/api/rooms/:id/leave, DELETE} route[39m[38;5;3m +0ms[39m
[32m[Nest] 2400  - [39m05/21/2026, 1:47:32 PM [32m    LOG[39m [38;5;3m[RouterExplorer] [39m[32mMapped {/api/rooms/:id, DELETE} route[39m[38;5;3m +0ms[39m
[32m[Nest] 2400  - [39m05/21/2026, 1:47:32 PM [32m    LOG[39m [38;5;3m[RouterExplorer] [39m[32mMapped {/api/rooms/:id/tasks, POST} route[39m[38;5;3m +1ms[39m
[32m[Nest] 2400  - [39m05/21/2026, 1:47:32 PM [32m    LOG[39m [38;5;3m[RouterExplorer] [39m[32mMapped {/api/rooms/:id/tasks/:taskId/complete, POST} route[39m[38;5;3m +0ms[39m
[32m[Nest] 2400  - [39m05/21/2026, 1:47:32 PM [32m    LOG[39m [38;5;3m[RoutesResolver] [39m[32mAdminController {/api/admin}:[39m[38;5;3m +0ms[39m
[32m[Nest] 2400  - [39m05/21/2026, 1:47:32 PM [32m    LOG[39m [38;5;3m[RouterExplorer] [39m[32mMapped {/api/admin/stats, GET} route[39m[38;5;3m +1ms[39m
[32m[Nest] 2400  - [39m05/21/2026, 1:47:32 PM [32m    LOG[39m [38;5;3m[RouterExplorer] [39m[32mMapped {/api/admin/users, GET} route[39m[38;5;3m +0ms[39m
[32m[Nest] 2400  - [39m05/21/2026, 1:47:32 PM [32m    LOG[39m [38;5;3m[RouterExplorer] [39m[32mMapped {/api/admin/users/recent, GET} route[39m[38;5;3m +0ms[39m
[32m[Nest] 2400  - [39m05/21/2026, 1:47:32 PM [32m    LOG[39m [38;5;3m[RouterExplorer] [39m[32mMapped {/api/admin/users/:id/block, PATCH} route[39m[38;5;3m +0ms[39m
[32m[Nest] 2400  - [39m05/21/2026, 1:47:32 PM [32m    LOG[39m [38;5;3m[RouterExplorer] [39m[32mMapped {/api/admin/users/:id/unblock, PATCH} route[39m[38;5;3m +1ms[39m
[32m[Nest] 2400  - [39m05/21/2026, 1:47:32 PM [32m    LOG[39m [38;5;3m[RouterExplorer] [39m[32mMapped {/api/admin/users/:id, DELETE} route[39m[38;5;3m +0ms[39m
[32m[Nest] 2400  - [39m05/21/2026, 1:47:32 PM [32m    LOG[39m [38;5;3m[RoutesResolver] [39m[32mPostsController {/api/posts}:[39m[38;5;3m +0ms[39m
[32m[Nest] 2400  - [39m05/21/2026, 1:47:32 PM [32m    LOG[39m [38;5;3m[RouterExplorer] [39m[32mMapped {/api/posts/feed, GET} route[39m[38;5;3m +0ms[39m
[32m[Nest] 2400  - [39m05/21/2026, 1:47:32 PM [32m    LOG[39m [38;5;3m[RouterExplorer] [39m[32mMapped {/api/posts/user/:userId, GET} route[39m[38;5;3m +1ms[39m
[32m[Nest] 2400  - [39m05/21/2026, 1:47:32 PM [32m    LOG[39m [38;5;3m[RouterExplorer] [39m[32mMapped {/api/posts, POST} route[39m[38;5;3m +0ms[39m
[32m[Nest] 2400  - [39m05/21/2026, 1:47:32 PM [32m    LOG[39m [38;5;3m[RouterExplorer] [39m[32mMapped {/api/posts/:id, DELETE} route[39m[38;5;3m +0ms[39m
[32m[Nest] 2400  - [39m05/21/2026, 1:47:32 PM [32m    LOG[39m [38;5;3m[RouterExplorer] [39m[32mMapped {/api/posts/:id/like, POST} route[39m[38;5;3m +1ms[39m
[32m[Nest] 2400  - [39m05/21/2026, 1:47:32 PM [32m    LOG[39m [38;5;3m[RouterExplorer] [39m[32mMapped {/api/posts/:id/comments, GET} route[39m[38;5;3m +0ms[39m
[32m[Nest] 2400  - [39m05/21/2026, 1:47:32 PM [32m    LOG[39m [38;5;3m[RouterExplorer] [39m[32mMapped {/api/posts/:id/comments, POST} route[39m[38;5;3m +0ms[39m
[32m[Nest] 2400  - [39m05/21/2026, 1:47:32 PM [32m    LOG[39m [38;5;3m[RouterExplorer] [39m[32mMapped {/api/posts/comments/:commentId, DELETE} route[39m[38;5;3m +0ms[39m
[32m[Nest] 2400  - [39m05/21/2026, 1:47:32 PM [32m    LOG[39m [38;5;3m[NestApplication] [39m[32mNest application successfully started[39m[38;5;3m +494ms[39m
Backend running on http://localhost:3001/api
[2J[3J[H[[90m2:01:55 PM[0m] File change detected. Starting incremental compilation...

'taskkill' is not recognized as an internal or external command,
operable program or batch file.
'taskkill' is not recognized as an internal or external command,
operable program or batch file.
node:child_process:1000
    throw err;
    ^

Error: Command failed: taskkill /pid 7724 /T /F
'taskkill' is not recognized as an internal or external command,
operable program or batch file.

    at genericNodeError (node:internal/errors:985:15)
    at wrappedFn (node:internal/errors:539:14)
    at checkExecSyncError (node:child_process:925:11)
    at execSync (node:child_process:997:15)
    at treeKillSync (A:\Projects\Different Project\TaskProject\backend\node_modules\@nestjs\cli\lib\utils\tree-kill.js:7:38)
    at A:\Projects\Different Project\TaskProject\backend\node_modules\@nestjs\cli\actions\start.action.js:69:46
    at Object.onWatchStatusChange (A:\Projects\Different Project\TaskProject\backend\node_modules\@nestjs\cli\lib\compiler\watch-compiler.js:82:17)
    at A:\Projects\Different Project\TaskProject\backend\node_modules\typescript\lib\typescript.js:133916:30
    at emitFilesAndReportErrors (A:\Projects\Different Project\TaskProject\backend\node_modules\typescript\lib\typescript.js:133737:5)
    at result.afterProgramCreate (A:\Projects\Different Project\TaskProject\backend\node_modules\typescript\lib\typescript.js:133912:5) {
  status: 1,
  signal: null,
  output: [
    null,
    Buffer(0) [Uint8Array] [],
    Buffer(99) [Uint8Array] [
       39, 116,  97, 115, 107, 107, 105, 108, 108,  39,  32, 105,
      115,  32, 110, 111, 116,  32, 114, 101,  99, 111, 103, 110,
      105, 122, 101, 100,  32,  97, 115,  32,  97, 110,  32, 105,
      110, 116, 101, 114, 110,  97, 108,  32, 111, 114,  32, 101,
      120, 116, 101, 114, 110,  97, 108,  32,  99, 111, 109, 109,
       97, 110, 100,  44,  13,  10, 111, 112, 101, 114,  97,  98,
      108, 101,  32, 112, 114, 111, 103, 114,  97, 109,  32, 111,
      114,  32,  98,  97, 116,  99, 104,  32, 102, 105, 108, 101,
       46,  13,  10
    ]
  ],
  pid: 8744,
  stdout: Buffer(0) [Uint8Array] [],
  stderr: Buffer(99) [Uint8Array] [
     39, 116,  97, 115, 107, 107, 105, 108, 108,  39,  32, 105,
    115,  32, 110, 111, 116,  32, 114, 101,  99, 111, 103, 110,
    105, 122, 101, 100,  32,  97, 115,  32,  97, 110,  32, 105,
    110, 116, 101, 114, 110,  97, 108,  32, 111, 114,  32, 101,
    120, 116, 101, 114, 110,  97, 108,  32,  99, 111, 109, 109,
     97, 110, 100,  44,  13,  10, 111, 112, 101, 114,  97,  98,
    108, 101,  32, 112, 114, 111, 103, 114,  97, 109,  32, 111,
    114,  32,  98,  97, 116,  99, 104,  32, 102, 105, 108, 101,
     46,  13,  10
  ]
}

Node.js v24.14.1
